1607539748369	geckodriver	INFO	Listening on 127.0.0.1:63075
1607539751384	mozrunner::runner	INFO	Running command: "C:\\Program Files\\Mozilla Firefox\\firefox.exe" "--marionette" "-foreground" "-no-remote" "-profile" "C:\\Users\\schre\\AppData\\Local\\Temp\\rust_mozprofile8hapZL"
JavaScript error: resource://gre/modules/XULStore.jsm, line 66: Error: Can't find profile directory.
console.error: SearchCache: "_readCacheFile: Error reading cache file:" (new Error("", "(unknown module)"))
1607539753487	Marionette	INFO	Listening on port 63083
1607539753554	Marionette	WARN	TLS certificate errors will be ignored for this session
1607539755451	Marionette	INFO	Stopped listening on port 63083

###!!! [Child][RunMessage] Error: Channel closing: too late to send/recv, messages will be lost


###!!! [Child][MessageChannel::SendAndWait] Error: Channel error: cannot send/recv

1607539782406	geckodriver	INFO	Listening on 127.0.0.1:63152
1607539785429	mozrunner::runner	INFO	Running command: "C:\\Program Files\\Mozilla Firefox\\firefox.exe" "--marionette" "-foreground" "-no-remote" "-profile" "C:\\Users\\schre\\AppData\\Local\\Temp\\rust_mozprofileruAV6I"
JavaScript error: resource://gre/modules/XULStore.jsm, line 66: Error: Can't find profile directory.
console.error: SearchCache: "_readCacheFile: Error reading cache file:" (new Error("", "(unknown module)"))
1607539787092	Marionette	INFO	Listening on port 63160
1607539787472	Marionette	WARN	TLS certificate errors will be ignored for this session
1607539789316	Marionette	INFO	Stopped listening on port 63160

###!!! [Child][RunMessage] Error: Channel closing: too late to send/recv, messages will be lost


###!!! [Child][MessageChannel::SendAndWait] Error: Channel error: cannot send/recv

1607539812826	geckodriver	INFO	Listening on 127.0.0.1:63249
1607539815870	mozrunner::runner	INFO	Running command: "C:\\Program Files\\Mozilla Firefox\\firefox.exe" "--marionette" "-foreground" "-no-remote" "-profile" "C:\\Users\\schre\\AppData\\Local\\Temp\\rust_mozprofileGilyAh"
JavaScript error: resource://gre/modules/XULStore.jsm, line 66: Error: Can't find profile directory.
console.error: SearchCache: "_readCacheFile: Error reading cache file:" (new Error("", "(unknown module)"))
1607539817392	Marionette	INFO	Listening on port 63257
1607539817406	Marionette	WARN	TLS certificate errors will be ignored for this session
1607539819351	Marionette	INFO	Stopped listening on port 63257
JavaScript error: resource://gre/modules/UrlClassifierListManager.jsm, line 691: TypeError: this.tablesData[table] is undefined

###!!! [Child][RunMessage] Error: Channel closing: too late to send/recv, messages will be lost


###!!! [Child][MessageChannel::SendAndWait] Error: Channel error: cannot send/recv

1607539845720	geckodriver	INFO	Listening on 127.0.0.1:63330
1607539848758	mozrunner::runner	INFO	Running command: "C:\\Program Files\\Mozilla Firefox\\firefox.exe" "--marionette" "-foreground" "-no-remote" "-profile" "C:\\Users\\schre\\AppData\\Local\\Temp\\rust_mozprofile1Wfoif"
JavaScript error: resource://gre/modules/XULStore.jsm, line 66: Error: Can't find profile directory.
console.error: SearchCache: "_readCacheFile: Error reading cache file:" (new Error("", "(unknown module)"))
1607539850440	Marionette	INFO	Listening on port 63338
1607539850803	Marionette	WARN	TLS certificate errors will be ignored for this session
1607539852417	Marionette	INFO	Stopped listening on port 63338

###!!! [Child][RunMessage] Error: Channel closing: too late to send/recv, messages will be lost


###!!! [Child][MessageChannel::SendAndWait] Error: Channel error: cannot send/recv

1607539909670	geckodriver	INFO	Listening on 127.0.0.1:63427
1607539912696	mozrunner::runner	INFO	Running command: "C:\\Program Files\\Mozilla Firefox\\firefox.exe" "--marionette" "-foreground" "-no-remote" "-profile" "C:\\Users\\schre\\AppData\\Local\\Temp\\rust_mozprofileT63BXh"
JavaScript error: resource://gre/modules/XULStore.jsm, line 66: Error: Can't find profile directory.
console.error: SearchCache: "_readCacheFile: Error reading cache file:" (new Error("", "(unknown module)"))
1607539914293	Marionette	INFO	Listening on port 63435
1607539914741	Marionette	WARN	TLS certificate errors will be ignored for this session
1607539916395	Marionette	INFO	Stopped listening on port 63435

###!!! [Child][RunMessage] Error: Channel closing: too late to send/recv, messages will be lost


###!!! [Child][MessageChannel::SendAndWait] Error: Channel error: cannot send/recv

1607539950421	geckodriver	INFO	Listening on 127.0.0.1:63524
1607539953460	mozrunner::runner	INFO	Running command: "C:\\Program Files\\Mozilla Firefox\\firefox.exe" "--marionette" "-foreground" "-no-remote" "-profile" "C:\\Users\\schre\\AppData\\Local\\Temp\\rust_mozprofilerQYlPa"
JavaScript error: resource://gre/modules/XULStore.jsm, line 66: Error: Can't find profile directory.
console.error: SearchCache: "_readCacheFile: Error reading cache file:" (new Error("", "(unknown module)"))
1607539954815	Marionette	INFO	Listening on port 63538
1607539955016	Marionette	WARN	TLS certificate errors will be ignored for this session
1607539956947	Marionette	INFO	Stopped listening on port 63538

###!!! [Child][RunMessage] Error: Channel closing: too late to send/recv, messages will be lost


###!!! [Child][MessageChannel::SendAndWait] Error: Channel error: cannot send/recv

1607539957599	geckodriver	INFO	Listening on 127.0.0.1:63602
1607539960619	mozrunner::runner	INFO	Running command: "C:\\Program Files\\Mozilla Firefox\\firefox.exe" "--marionette" "-foreground" "-no-remote" "-profile" "C:\\Users\\schre\\AppData\\Local\\Temp\\rust_mozprofileIBmo9U"
JavaScript error: resource://gre/modules/XULStore.jsm, line 66: Error: Can't find profile directory.
console.error: SearchCache: "_readCacheFile: Error reading cache file:" (new Error("", "(unknown module)"))
1607539962247	Marionette	INFO	Listening on port 63610
1607539962658	Marionette	WARN	TLS certificate errors will be ignored for this session
1607539964261	Marionette	INFO	Stopped listening on port 63610

###!!! [Child][RunMessage] Error: Channel closing: too late to send/recv, messages will be lost


###!!! [Child][MessageChannel::SendAndWait] Error: Channel error: cannot send/recv

1607539988661	geckodriver	INFO	Listening on 127.0.0.1:63687
1607539991695	mozrunner::runner	INFO	Running command: "C:\\Program Files\\Mozilla Firefox\\firefox.exe" "--marionette" "-foreground" "-no-remote" "-profile" "C:\\Users\\schre\\AppData\\Local\\Temp\\rust_mozprofileGnGw8A"
console.error: SearchCache: "_readCacheFile: Error reading cache file:" (new Error("", "(unknown module)"))
JavaScript error: resource://gre/modules/XULStore.jsm, line 66: Error: Can't find profile directory.
1607539993383	Marionette	INFO	Listening on port 63696
1607539993752	Marionette	WARN	TLS certificate errors will be ignored for this session
1607539995452	Marionette	INFO	Stopped listening on port 63696

###!!! [Child][RunMessage] Error: Channel closing: too late to send/recv, messages will be lost


###!!! [Child][MessageChannel::SendAndWait] Error: Channel error: cannot send/recv

1607539996114	geckodriver	INFO	Listening on 127.0.0.1:63764
1607539999147	mozrunner::runner	INFO	Running command: "C:\\Program Files\\Mozilla Firefox\\firefox.exe" "--marionette" "-foreground" "-no-remote" "-profile" "C:\\Users\\schre\\AppData\\Local\\Temp\\rust_mozprofileqDwX3t"
JavaScript error: resource://gre/modules/XULStore.jsm, line 66: Error: Can't find profile directory.
console.error: SearchCache: "_readCacheFile: Error reading cache file:" (new Error("", "(unknown module)"))
1607540000692	Marionette	INFO	Listening on port 63773
1607540001191	Marionette	WARN	TLS certificate errors will be ignored for this session
1607540003153	Marionette	INFO	Stopped listening on port 63773

###!!! [Child][RunMessage] Error: Channel closing: too late to send/recv, messages will be lost


###!!! [Child][MessageChannel::SendAndWait] Error: Channel error: cannot send/recv

1607540030257	geckodriver	INFO	Listening on 127.0.0.1:63854
1607540033290	mozrunner::runner	INFO	Running command: "C:\\Program Files\\Mozilla Firefox\\firefox.exe" "--marionette" "-foreground" "-no-remote" "-profile" "C:\\Users\\schre\\AppData\\Local\\Temp\\rust_mozprofileKWYd5e"
JavaScript error: resource://gre/modules/XULStore.jsm, line 66: Error: Can't find profile directory.
console.error: SearchCache: "_readCacheFile: Error reading cache file:" (new Error("", "(unknown module)"))
1607540035020	Marionette	INFO	Listening on port 63862
1607540035331	Marionette	WARN	TLS certificate errors will be ignored for this session
1607540036905	Marionette	INFO	Stopped listening on port 63862

###!!! [Child][RunMessage] Error: Channel closing: too late to send/recv, messages will be lost


###!!! [Child][MessageChannel::SendAndWait] Error: Channel error: cannot send/recv

1607540048712	geckodriver	INFO	Listening on 127.0.0.1:63936
1607540051742	mozrunner::runner	INFO	Running command: "C:\\Program Files\\Mozilla Firefox\\firefox.exe" "--marionette" "-foreground" "-no-remote" "-profile" "C:\\Users\\schre\\AppData\\Local\\Temp\\rust_mozprofileLOqsCo"
JavaScript error: resource://gre/modules/XULStore.jsm, line 66: Error: Can't find profile directory.
console.error: SearchCache: "_readCacheFile: Error reading cache file:" (new Error("", "(unknown module)"))
1607540053464	Marionette	INFO	Listening on port 63945
1607540053777	Marionette	WARN	TLS certificate errors will be ignored for this session
1607540055450	Marionette	INFO	Stopped listening on port 63945

###!!! [Child][RunMessage] Error: Channel closing: too late to send/recv, messages will be lost


###!!! [Child][MessageChannel::SendAndWait] Error: Channel error: cannot send/recv

1607540056095	geckodriver	INFO	Listening on 127.0.0.1:64013
1607540059114	mozrunner::runner	INFO	Running command: "C:\\Program Files\\Mozilla Firefox\\firefox.exe" "--marionette" "-foreground" "-no-remote" "-profile" "C:\\Users\\schre\\AppData\\Local\\Temp\\rust_mozprofileca1zgk"
JavaScript error: resource://gre/modules/XULStore.jsm, line 66: Error: Can't find profile directory.
console.error: SearchCache: "_readCacheFile: Error reading cache file:" (new Error("", "(unknown module)"))
1607540060803	Marionette	INFO	Listening on port 64022
1607540061146	Marionette	WARN	TLS certificate errors will be ignored for this session
1607540063214	Marionette	INFO	Stopped listening on port 64022

###!!! [Child][RunMessage] Error: Channel closing: too late to send/recv, messages will be lost


###!!! [Child][MessageChannel::SendAndWait] Error: Channel error: cannot send/recv

1607540100271	geckodriver	INFO	Listening on 127.0.0.1:64110
1607540103306	mozrunner::runner	INFO	Running command: "C:\\Program Files\\Mozilla Firefox\\firefox.exe" "--marionette" "-foreground" "-no-remote" "-profile" "C:\\Users\\schre\\AppData\\Local\\Temp\\rust_mozprofileJsESXk"
JavaScript error: resource://gre/modules/XULStore.jsm, line 66: Error: Can't find profile directory.
console.error: SearchCache: "_readCacheFile: Error reading cache file:" (new Error("", "(unknown module)"))
1607540104903	Marionette	INFO	Listening on port 64118
1607540105349	Marionette	WARN	TLS certificate errors will be ignored for this session
1607540106971	Marionette	INFO	Stopped listening on port 64118

###!!! [Child][RunMessage] Error: Channel closing: too late to send/recv, messages will be lost


###!!! [Child][MessageChannel::SendAndWait] Error: Channel error: cannot send/recv

1607540107625	geckodriver	INFO	Listening on 127.0.0.1:64188
1607540110651	mozrunner::runner	INFO	Running command: "C:\\Program Files\\Mozilla Firefox\\firefox.exe" "--marionette" "-foreground" "-no-remote" "-profile" "C:\\Users\\schre\\AppData\\Local\\Temp\\rust_mozprofileGma2IY"
JavaScript error: resource://gre/modules/XULStore.jsm, line 66: Error: Can't find profile directory.
console.error: SearchCache: "_readCacheFile: Error reading cache file:" (new Error("", "(unknown module)"))
1607540112809	Marionette	INFO	Listening on port 64202
1607540113325	Marionette	WARN	TLS certificate errors will be ignored for this session
1607540114871	Marionette	INFO	Stopped listening on port 64202

###!!! [Child][RunMessage] Error: Channel closing: too late to send/recv, messages will be lost


###!!! [Child][MessageChannel::SendAndWait] Error: Channel error: cannot send/recv

1607540136669	geckodriver	INFO	Listening on 127.0.0.1:64289
1607540139695	mozrunner::runner	INFO	Running command: "C:\\Program Files\\Mozilla Firefox\\firefox.exe" "--marionette" "-foreground" "-no-remote" "-profile" "C:\\Users\\schre\\AppData\\Local\\Temp\\rust_mozprofileOx2R85"
JavaScript error: resource://gre/modules/XULStore.jsm, line 66: Error: Can't find profile directory.
console.error: SearchCache: "_readCacheFile: Error reading cache file:" (new Error("", "(unknown module)"))
1607540141371	Marionette	INFO	Listening on port 64299
1607540141725	Marionette	WARN	TLS certificate errors will be ignored for this session
1607540387077	Marionette	INFO	Stopped listening on port 64299

###!!! [Child][RunMessage] Error: Channel closing: too late to send/recv, messages will be lost


###!!! [Child][MessageChannel::SendAndWait] Error: Channel error: cannot send/recv

Temp\\rust_mozprofilemhAkIi"
console.error: SearchCache: "_readCacheFile: Error reading cache file:" (new Error("", "(unknown module)"))
JavaScript error: resource://gre/modules/XULStore.jsm, line 66: Error: Can't find profile directory.
1607540148603	Marionette	INFO	Listening on port 64378
1607540148676	Marionette	WARN	TLS certificate errors will be ignored for this session
1607540386286	Marionette	INFO	Stopped listening on port 64378

###!!! [Child][RunMessage] Error: Channel closing: too late to send/recv, messages will be lost


###!!! [Child][MessageChannel::SendAndWait] Error: Channel error: cannot send/recv

Temp\\rust_mozprofilevaM56T"
console.error: SearchCache: "_readCacheFile: Error reading cache file:" (new Error("", "(unknown module)"))
JavaScript error: resource://gre/modules/XULStore.jsm, line 66: Error: Can't find profile directory.
1607540257406	Marionette	INFO	Listening on port 64620
1607540257559	Marionette	WARN	TLS certificate errors will be ignored for this session
1607540478964	Marionette	INFO	Stopped listening on port 64620

###!!! [Child][RunMessage] Error: Channel closing: too late to send/recv, messages will be lost


###!!! [Child][MessageChannel::SendAndWait] Error: Channel error: cannot send/recv

Temp\\rust_mozprofilept9mer"
JavaScript error: resource://gre/modules/XULStore.jsm, line 66: Error: Can't find profile directory.
console.error: SearchCache: "_readCacheFile: Error reading cache file:" (new Error("", "(unknown module)"))
1607540264448	Marionette	INFO	Listening on port 64699
1607540264683	Marionette	WARN	TLS certificate errors will be ignored for this session
1607540277391	Marionette	INFO	Stopped listening on port 64699

###!!! [Child][RunMessage] Error: Channel closing: too late to send/recv, messages will be lost


###!!! [Child][MessageChannel::SendAndWait] Error: Channel error: cannot send/recv

1607540932522	geckodriver	INFO	Listening on 127.0.0.1:65249
1607540935554	mozrunner::runner	INFO	Running command: "C:\\Program Files\\Mozilla Firefox\\firefox.exe" "--marionette" "-foreground" "-no-remote" "-profile" "C:\\Users\\schre\\AppData\\Local\\Temp\\rust_mozprofileyMGt8j"
JavaScript error: resource://gre/modules/XULStore.jsm, line 66: Error: Can't find profile directory.
console.error: SearchCache: "_readCacheFile: Error reading cache file:" (new Error("", "(unknown module)"))
1607540937402	Marionette	INFO	Listening on port 65259
1607540937591	Marionette	WARN	TLS certificate errors will be ignored for this session
1607541136260	Marionette	INFO	Stopped listening on port 65259

###!!! [Child][RunMessage] Error: Channel closing: too late to send/recv, messages will be lost


###!!! [Child][MessageChannel::SendAndWait] Error: Channel error: cannot send/recv

Temp\\rust_mozprofileRNy9ft"
JavaScript error: resource://gre/modules/XULStore.jsm, line 66: Error: Can't find profile directory.
console.error: SearchCache: "_readCacheFile: Error reading cache file:" (new Error("", "(unknown module)"))
1607540959732	Marionette	INFO	Listening on port 65346
1607540959939	Marionette	WARN	TLS certificate errors will be ignored for this session
1607541136256	Marionette	INFO	Stopped listening on port 65346

###!!! [Child][RunMessage] Error: Channel closing: too late to send/recv, messages will be lost


###!!! [Child][MessageChannel::SendAndWait] Error: Channel error: cannot send/recv

Temp\\rust_mozprofileIzUiqf"
JavaScript error: resource://gre/modules/XULStore.jsm, line 66: Error: Can't find profile directory.
console.error: SearchCache: "_readCacheFile: Error reading cache file:" (new Error("", "(unknown module)"))
1607541047822	Marionette	INFO	Listening on port 65496
1607541047908	Marionette	WARN	TLS certificate errors will be ignored for this session
1607541136288	Marionette	INFO	Stopped listening on port 65496

###!!! [Child][RunMessage] Error: Channel closing: too late to send/recv, messages will be lost


###!!! [Child][MessageChannel::SendAndWait] Error: Channel error: cannot send/recv

Temp\\rust_mozprofileL8OcpI"
JavaScript error: resource://gre/modules/XULStore.jsm, line 66: Error: Can't find profile directory.
console.error: SearchCache: "_readCacheFile: Error reading cache file:" (new Error("", "(unknown module)"))
1607541069108	Marionette	INFO	Listening on port 49203
1607541069200	Marionette	WARN	TLS certificate errors will be ignored for this session
1607541136165	Marionette	INFO	Stopped listening on port 49203

###!!! [Child][RunMessage] Error: Channel closing: too late to send/recv, messages will be lost


###!!! [Child][MessageChannel::SendAndWait] Error: Channel error: cannot send/recv

Temp\\rust_mozprofileu4O42x"
console.error: SearchCache: "_readCacheFile: Error reading cache file:" (new Error("", "(unknown module)"))
JavaScript error: resource://gre/modules/XULStore.jsm, line 66: Error: Can't find profile directory.
1607541093335	Marionette	INFO	Listening on port 49286
1607541093428	Marionette	WARN	TLS certificate errors will be ignored for this session
1607541136312	Marionette	INFO	Stopped listening on port 49286

###!!! [Child][RunMessage] Error: Channel closing: too late to send/recv, messages will be lost


###!!! [Child][MessageChannel::SendAndWait] Error: Channel error: cannot send/recv

Temp\\rust_mozprofileceErOD"
JavaScript error: resource://gre/modules/XULStore.jsm, line 66: Error: Can't find profile directory.
console.error: SearchCache: "_readCacheFile: Error reading cache file:" (new Error("", "(unknown module)"))
1607541116575	Marionette	INFO	Listening on port 49387
1607541116910	Marionette	WARN	TLS certificate errors will be ignored for this session
1607541136348	Marionette	INFO	Stopped listening on port 49387

###!!! [Child][RunMessage] Error: Channel closing: too late to send/recv, messages will be lost


###!!! [Child][MessageChannel::SendAndWait] Error: Channel error: cannot send/recv

1607541146700	geckodriver	INFO	Listening on 127.0.0.1:49492
1607541149727	mozrunner::runner	INFO	Running command: "C:\\Program Files\\Mozilla Firefox\\firefox.exe" "--marionette" "-foreground" "-no-remote" "-profile" "C:\\Users\\schre\\AppData\\Local\\Temp\\rust_mozprofilehm62n1"
JavaScript error: resource://gre/modules/XULStore.jsm, line 66: Error: Can't find profile directory.
console.error: SearchCache: "_readCacheFile: Error reading cache file:" (new Error("", "(unknown module)"))
1607541151404	Marionette	INFO	Listening on port 49502
1607541153221	Marionette	WARN	TLS certificate errors will be ignored for this session
1607541156325	Marionette	INFO	Stopped listening on port 49502

###!!! [Child][RunMessage] Error: Channel closing: too late to send/recv, messages will be lost


###!!! [Child][MessageChannel::SendAndWait] Error: Channel error: cannot send/recv

1607541157194	geckodriver	INFO	Listening on 127.0.0.1:49572
1607541237827	geckodriver	INFO	Listening on 127.0.0.1:49686
1607541240867	mozrunner::runner	INFO	Running command: "C:\\Program Files\\Mozilla Firefox\\firefox.exe" "--marionette" "-foreground" "-no-remote" "-profile" "C:\\Users\\schre\\AppData\\Local\\Temp\\rust_mozprofileGoeOu0"
JavaScript error: resource://gre/modules/XULStore.jsm, line 66: Error: Can't find profile directory.
console.error: SearchCache: "_readCacheFile: Error reading cache file:" (new Error("", "(unknown module)"))
1607541242588	Marionette	INFO	Listening on port 49696
1607541242903	Marionette	WARN	TLS certificate errors will be ignored for this session
1607541244987	Marionette	INFO	Stopped listening on port 49696

###!!! [Child][RunMessage] Error: Channel closing: too late to send/recv, messages will be lost


###!!! [Child][MessageChannel::SendAndWait] Error: Channel error: cannot send/recv

1607541245636	geckodriver	INFO	Listening on 127.0.0.1:49779
1607541248677	mozrunner::runner	INFO	Running command: "C:\\Program Files\\Mozilla Firefox\\firefox.exe" "--marionette" "-foreground" "-no-remote" "-profile" "C:\\Users\\schre\\AppData\\Local\\Temp\\rust_mozprofile62R6UT"
JavaScript error: resource://gre/modules/XULStore.jsm, line 66: Error: Can't find profile directory.
console.error: SearchCache: "_readCacheFile: Error reading cache file:" (new Error("", "(unknown module)"))
1607541250752	Marionette	INFO	Listening on port 49791
1607541250836	Marionette	WARN	TLS certificate errors will be ignored for this session
1607541250838	Marionette	INFO	Proxy settings initialised: {"proxyType":"manual","ftpProxy":"195.154.207.153:80","httpProxy":"195.154.207.153:80","sslProxy":"195.154.207.153:80"}
1607541293892	Marionette	INFO	Stopped listening on port 49791

###!!! [Child][RunMessage] Error: Channel closing: too late to send/recv, messages will be lost


###!!! [Child][MessageChannel::SendAndWait] Error: Channel error: cannot send/recv

